<?xml version="1.0" encoding="UTF-8"?>
<!-- Generated by org.testng.reporters.JUnitXMLReporter -->
<testsuite ignored="0" hostname="IN-PG02P4Y7" failures="0" tests="6" name="Test" time="122.738" errors="0" timestamp="2022-05-30T13:34:24 IST">
  <testcase classname="cucumber.api.testng.AbstractTestNGCucumberTests" name="feature" time="19.593"/>
  <testcase classname="cucumber.api.testng.AbstractTestNGCucumberTests" name="feature" time="10.392"/>
  <testcase classname="cucumber.api.testng.AbstractTestNGCucumberTests" name="feature" time="23.514"/>
  <testcase classname="cucumber.api.testng.AbstractTestNGCucumberTests" name="feature" time="19.806"/>
  <testcase classname="cucumber.api.testng.AbstractTestNGCucumberTests" name="feature" time="22.32"/>
  <testcase classname="cucumber.api.testng.AbstractTestNGCucumberTests" name="feature" time="26.857"/>
</testsuite> <!-- Test -->
