<?xml version="1.0" encoding="UTF-8"?>
<testng-results ignored="0" total="6" passed="6" failed="0" skipped="0">
  <reporter-output>
  </reporter-output>
  <suite started-at="2022-05-30T13:32:22 IST" name="Suite" finished-at="2022-05-30T13:34:24 IST" duration-ms="122738">
    <groups>
      <group name="cucumber">
        <method signature="AbstractTestNGCucumberTests.feature(cucumber.api.testng.CucumberFeatureWrapper)[pri:0, instance:Runner.Runner@52b1beb6]" name="feature" class="cucumber.api.testng.AbstractTestNGCucumberTests"/>
      </group> <!-- cucumber -->
    </groups>
    <test started-at="2022-05-30T13:32:22 IST" name="Test" finished-at="2022-05-30T13:34:24 IST" duration-ms="122738">
      <class name="Runner.Runner">
        <test-method is-config="true" signature="setUpClass()[pri:0, instance:Runner.Runner@52b1beb6]" started-at="2022-05-30T13:32:22 IST" name="setUpClass" finished-at="2022-05-30T13:32:22 IST" duration-ms="167" status="PASS">
          <reporter-output>
          </reporter-output>
        </test-method> <!-- setUpClass -->
        <test-method signature="feature(cucumber.api.testng.CucumberFeatureWrapper)[pri:0, instance:Runner.Runner@52b1beb6]" started-at="2022-05-30T13:32:22 IST" name="feature" description="Runs Cucumber Feature" data-provider="features" finished-at="2022-05-30T13:32:42 IST" duration-ms="19593" status="PASS">
          <params>
            <param index="0">
              <value>
                <![CDATA[Accessibility feature]]>
              </value>
            </param>
          </params>
          <reporter-output>
          </reporter-output>
        </test-method> <!-- feature -->
        <test-method signature="feature(cucumber.api.testng.CucumberFeatureWrapper)[pri:0, instance:Runner.Runner@52b1beb6]" started-at="2022-05-30T13:32:42 IST" name="feature" description="Runs Cucumber Feature" data-provider="features" finished-at="2022-05-30T13:32:52 IST" duration-ms="10392" status="PASS">
          <params>
            <param index="0">
              <value>
                <![CDATA[Animation add feature]]>
              </value>
            </param>
          </params>
          <reporter-output>
          </reporter-output>
        </test-method> <!-- feature -->
        <test-method signature="feature(cucumber.api.testng.CucumberFeatureWrapper)[pri:0, instance:Runner.Runner@52b1beb6]" started-at="2022-05-30T13:32:52 IST" name="feature" description="Runs Cucumber Feature" data-provider="features" finished-at="2022-05-30T13:33:15 IST" duration-ms="23514" status="PASS">
          <params>
            <param index="0">
              <value>
                <![CDATA[App feature]]>
              </value>
            </param>
          </params>
          <reporter-output>
          </reporter-output>
        </test-method> <!-- feature -->
        <test-method signature="feature(cucumber.api.testng.CucumberFeatureWrapper)[pri:0, instance:Runner.Runner@52b1beb6]" started-at="2022-05-30T13:33:15 IST" name="feature" description="Runs Cucumber Feature" data-provider="features" finished-at="2022-05-30T13:33:35 IST" duration-ms="19806" status="PASS">
          <params>
            <param index="0">
              <value>
                <![CDATA[Device admin feature]]>
              </value>
            </param>
          </params>
          <reporter-output>
          </reporter-output>
        </test-method> <!-- feature -->
        <test-method signature="feature(cucumber.api.testng.CucumberFeatureWrapper)[pri:0, instance:Runner.Runner@52b1beb6]" started-at="2022-05-30T13:33:35 IST" name="feature" description="Runs Cucumber Feature" data-provider="features" finished-at="2022-05-30T13:33:58 IST" duration-ms="22320" status="PASS">
          <params>
            <param index="0">
              <value>
                <![CDATA[Hide animation feature]]>
              </value>
            </param>
          </params>
          <reporter-output>
          </reporter-output>
        </test-method> <!-- feature -->
        <test-method signature="feature(cucumber.api.testng.CucumberFeatureWrapper)[pri:0, instance:Runner.Runner@52b1beb6]" started-at="2022-05-30T13:33:58 IST" name="feature" description="Runs Cucumber Feature" data-provider="features" finished-at="2022-05-30T13:34:24 IST" duration-ms="26857" status="PASS">
          <params>
            <param index="0">
              <value>
                <![CDATA[show animation feature]]>
              </value>
            </param>
          </params>
          <reporter-output>
          </reporter-output>
        </test-method> <!-- feature -->
        <test-method is-config="true" signature="tearDownClass()[pri:0, instance:Runner.Runner@52b1beb6]" started-at="2022-05-30T13:34:24 IST" name="tearDownClass" finished-at="2022-05-30T13:34:24 IST" duration-ms="2" status="PASS">
          <reporter-output>
          </reporter-output>
        </test-method> <!-- tearDownClass -->
      </class> <!-- Runner.Runner -->
    </test> <!-- Test -->
  </suite> <!-- Suite -->
</testng-results>
